<?xml version="1.0" encoding="UTF-8"?>
<testng-results ignored="0" total="1" passed="1" failed="0" skipped="0">
  <reporter-output>
  </reporter-output>
  <suite started-at="2023-05-26T17:52:20 IST" name="Default suite" finished-at="2023-05-26T17:52:41 IST" duration-ms="20740">
    <groups>
    </groups>
    <test started-at="2023-05-26T17:52:20 IST" name="Default test" finished-at="2023-05-26T17:52:41 IST" duration-ms="20740">
      <class name="RohitAcademy.LongPress">
        <test-method is-config="true" signature="configureAppium()[pri:0, instance:RohitAcademy.LongPress@43dac38f]" started-at="2023-05-26T17:52:20 IST" name="configureAppium" finished-at="2023-05-26T17:52:31 IST" duration-ms="11342" status="PASS">
          <reporter-output>
          </reporter-output>
        </test-method> <!-- configureAppium -->
        <test-method signature="longPressTest()[pri:0, instance:RohitAcademy.LongPress@43dac38f]" started-at="2023-05-26T17:52:31 IST" name="longPressTest" finished-at="2023-05-26T17:52:40 IST" duration-ms="8821" status="PASS">
          <reporter-output>
          </reporter-output>
        </test-method> <!-- longPressTest -->
        <test-method is-config="true" signature="tearDown()[pri:0, instance:RohitAcademy.LongPress@43dac38f]" started-at="2023-05-26T17:52:40 IST" name="tearDown" finished-at="2023-05-26T17:52:41 IST" duration-ms="533" status="PASS">
          <reporter-output>
          </reporter-output>
        </test-method> <!-- tearDown -->
      </class> <!-- RohitAcademy.LongPress -->
    </test> <!-- Default test -->
  </suite> <!-- Default suite -->
</testng-results>
